<?xml version="1.0" encoding="UTF-8"?>
<!-- Generated by org.testng.reporters.JUnitXMLReporter -->
<testsuite ignored="0" hostname="Rahul" failures="0" tests="1" name="Test-Runner-2" time="35.724" errors="0" timestamp="2022-09-03T11:28:58 IST">
  <testcase classname="vtiger.ContactsTests.CreateContactWithMandatoryFieldsTest" name="createContactWithMandatoryFields" time="21.687"/>
</testsuite> <!-- Test-Runner-2 -->
