<?xml version="1.0" encoding="UTF-8"?>
<!-- Generated by org.testng.reporters.JUnitXMLReporter -->
<testsuite ignored="0" hostname="Rahul" failures="0" tests="1" name="Test-Runner-1" time="49.925" errors="0" timestamp="2022-09-03T11:29:12 IST">
  <testcase classname="vtiger.ContactsTests.CreateContactWithOrgTest" name="createContactWithOrgTest" time="38.22"/>
</testsuite> <!-- Test-Runner-1 -->
