<?xml version="1.0" encoding="UTF-8"?>
<!-- Generated by org.testng.reporters.JUnitReportReporter -->
<testsuite hostname="Rahul" failures="0" tests="4" name="vtiger.Practice.DataProviderPractice" time="0.016" errors="0" timestamp="2022-08-30T11:24:44 IST" skipped="0">
  <testcase classname="vtiger.Practice.DataProviderPractice" name="addProductToCartTest" time="0.003"/>
  <system-out/>
  <testcase classname="vtiger.Practice.DataProviderPractice" name="addProductToCartTest" time="0.008"/>
  <system-out/>
  <testcase classname="vtiger.Practice.DataProviderPractice" name="addProductToCartTest" time="0.003"/>
  <system-out/>
  <testcase classname="vtiger.Practice.DataProviderPractice" name="addProductToCartTest" time="0.002"/>
  <system-out/>
</testsuite> <!-- vtiger.Practice.DataProviderPractice -->
