<?xml version="1.0" encoding="UTF-8"?>
<!-- Generated by org.testng.reporters.JUnitReportReporter -->
<testsuite hostname="Rahul" failures="0" tests="1" name="vtiger.ProductsTests.CreateProductWithVendorTest" time="17.504" errors="0" timestamp="2022-09-04T12:31:16 IST" skipped="0">
  <testcase classname="vtiger.ProductsTests.CreateProductWithVendorTest" name="CreateProductWithVendor" time="17.504"/>
  <system-out/>
</testsuite> <!-- vtiger.ProductsTests.CreateProductWithVendorTest -->
