<?xml version="1.0" encoding="UTF-8"?>
<!-- Generated by org.testng.reporters.JUnitReportReporter -->
<testsuite hostname="Rahul" failures="0" tests="2" name="vtiger.Practice.TestNGPractice" time="0.026" errors="0" timestamp="2022-08-29T11:40:25 IST" skipped="0">
  <testcase classname="vtiger.Practice.TestNGPractice" name="testNGPractice1" time="0.003"/>
  <system-out/>
  <testcase classname="vtiger.Practice.TestNGPractice" name="testNGPractice" time="0.023"/>
  <system-out/>
</testsuite> <!-- vtiger.Practice.TestNGPractice -->
