<?xml version="1.0" encoding="UTF-8"?>
<!-- Generated by org.testng.reporters.JUnitReportReporter -->
<testsuite hostname="Rahul" failures="0" tests="7" name="vtiger.Practice.DataProviderReadDataFromExcelPractice" time="0.026" errors="0" timestamp="2022-08-31T03:06:43 IST" skipped="0">
  <testcase classname="vtiger.Practice.DataProviderReadDataFromExcelPractice" name="addProductToCartTest" time="0.007"/>
  <system-out/>
  <testcase classname="vtiger.Practice.DataProviderReadDataFromExcelPractice" name="addProductToCartTest" time="0.002"/>
  <system-out/>
  <testcase classname="vtiger.Practice.DataProviderReadDataFromExcelPractice" name="addProductToCartTest" time="0.005"/>
  <system-out/>
  <testcase classname="vtiger.Practice.DataProviderReadDataFromExcelPractice" name="addProductToCartTest" time="0.002"/>
  <system-out/>
  <testcase classname="vtiger.Practice.DataProviderReadDataFromExcelPractice" name="addProductToCartTest" time="0.003"/>
  <system-out/>
  <testcase classname="vtiger.Practice.DataProviderReadDataFromExcelPractice" name="addProductToCartTest" time="0.003"/>
  <system-out/>
  <testcase classname="vtiger.Practice.DataProviderReadDataFromExcelPractice" name="addProductToCartTest" time="0.004"/>
  <system-out/>
</testsuite> <!-- vtiger.Practice.DataProviderReadDataFromExcelPractice -->
